c:\users\majc89\dropbox\working code\heroes3.5\_plugins_\emerald3\emerald\debug\vc140.pdb
c:\users\majc89\dropbox\working code\heroes3.5\_plugins_\emerald3\emerald\debug\vc140.idb
c:\users\majc89\dropbox\working code\heroes3.5\_plugins_\emerald3\emerald\debug\heroes.obj
c:\users\majc89\dropbox\working code\heroes3.5\_plugins_\emerald3\emerald\debug\config.obj
c:\users\majc89\dropbox\working code\heroes3.5\_plugins_\emerald3\emerald\debug\duplicate.obj
c:\users\majc89\dropbox\working code\heroes3.5\_plugins_\emerald3\emerald\debug\emerald.obj
c:\users\majc89\dropbox\working code\heroes3.5\_plugins_\emerald3\emerald\debug\events.obj
c:\users\majc89\dropbox\working code\heroes3.5\_plugins_\emerald3\emerald\debug\luckmorale.obj
c:\users\majc89\dropbox\working code\heroes3.5\_plugins_\emerald3\emerald\debug\properties.obj
c:\users\majc89\dropbox\working code\heroes3.5\_plugins_\emerald3\emerald\debug\random.obj
c:\users\majc89\dropbox\working code\heroes3.5\_plugins_\emerald3\emerald\debug\resistance.obj
c:\users\majc89\dropbox\working code\heroes3.5\_plugins_\emerald3\emerald\debug\dllmain.obj
c:\users\majc89\dropbox\working code\heroes3.5\_plugins_\emerald3\debug\emerald3.pdb
c:\users\majc89\dropbox\working code\heroes3.5\_plugins_\emerald3\emerald\debug\emerald.tlog\cl.command.1.tlog
c:\users\majc89\dropbox\working code\heroes3.5\_plugins_\emerald3\emerald\debug\emerald.tlog\cl.read.1.tlog
c:\users\majc89\dropbox\working code\heroes3.5\_plugins_\emerald3\emerald\debug\emerald.tlog\cl.write.1.tlog
c:\users\majc89\dropbox\working code\heroes3.5\_plugins_\emerald3\emerald\debug\emerald.tlog\link-cvtres.read.1.tlog
c:\users\majc89\dropbox\working code\heroes3.5\_plugins_\emerald3\emerald\debug\emerald.tlog\link-cvtres.write.1.tlog
c:\users\majc89\dropbox\working code\heroes3.5\_plugins_\emerald3\emerald\debug\emerald.tlog\link-rc.read.1.tlog
c:\users\majc89\dropbox\working code\heroes3.5\_plugins_\emerald3\emerald\debug\emerald.tlog\link-rc.write.1.tlog
c:\users\majc89\dropbox\working code\heroes3.5\_plugins_\emerald3\emerald\debug\emerald.tlog\link.command.1.tlog
c:\users\majc89\dropbox\working code\heroes3.5\_plugins_\emerald3\emerald\debug\emerald.tlog\link.read.1.tlog
c:\users\majc89\dropbox\working code\heroes3.5\_plugins_\emerald3\emerald\debug\emerald.tlog\link.write.1.tlog
