c:\dev\__repository__\_h3era_plugins_\emerald3\emerald\release\vc140.pdb
c:\dev\__repository__\_h3era_plugins_\emerald3\emerald\release\resistance.obj
c:\dev\__repository__\_h3era_plugins_\emerald3\emerald\release\random.obj
c:\dev\__repository__\_h3era_plugins_\emerald3\emerald\release\properties.obj
c:\dev\__repository__\_h3era_plugins_\emerald3\emerald\release\luckmorale.obj
c:\dev\__repository__\_h3era_plugins_\emerald3\emerald\release\external.obj
c:\dev\__repository__\_h3era_plugins_\emerald3\emerald\release\events.obj
c:\dev\__repository__\_h3era_plugins_\emerald3\emerald\release\emerald.obj
c:\dev\__repository__\_h3era_plugins_\emerald3\emerald\release\duplicate.obj
c:\dev\__repository__\_h3era_plugins_\emerald3\emerald\release\debugwindow.obj
c:\dev\__repository__\_h3era_plugins_\emerald3\emerald\release\config.obj
c:\dev\__repository__\_h3era_plugins_\emerald3\emerald\release\artifactcombos.obj
c:\dev\__repository__\_h3era_plugins_\emerald3\emerald\release\heroes.obj
c:\dev\__repository__\_h3era_plugins_\emerald3\emerald\release\dllmain.obj
c:\dev\__repository__\_h3era_plugins_\emerald3\release\emerald3.1.lib
c:\dev\__repository__\_h3era_plugins_\emerald3\release\emerald3.1.exp
c:\dev\__repository__\_h3era_plugins_\emerald3\release\emerald3.1.era
c:\dev\__repository__\_h3era_plugins_\emerald3\release\emerald3.1.pdb
c:\dev\__repository__\_h3era_plugins_\emerald3\emerald\release\emerald.tlog\cl.command.1.tlog
c:\dev\__repository__\_h3era_plugins_\emerald3\emerald\release\emerald.tlog\cl.read.1.tlog
c:\dev\__repository__\_h3era_plugins_\emerald3\emerald\release\emerald.tlog\cl.write.1.tlog
c:\dev\__repository__\_h3era_plugins_\emerald3\emerald\release\emerald.tlog\emerald.write.1u.tlog
c:\dev\__repository__\_h3era_plugins_\emerald3\emerald\release\emerald.tlog\link.command.1.tlog
c:\dev\__repository__\_h3era_plugins_\emerald3\emerald\release\emerald.tlog\link.read.1.tlog
c:\dev\__repository__\_h3era_plugins_\emerald3\emerald\release\emerald.tlog\link.write.1.tlog
