e:\dev\__repository__\_h3era_plugins_\emerald3\emerald\release\vc142.pdb
e:\dev\__repository__\_h3era_plugins_\emerald3\emerald\release\resistance.obj
e:\dev\__repository__\_h3era_plugins_\emerald3\emerald\release\random.obj
e:\dev\__repository__\_h3era_plugins_\emerald3\emerald\release\properties.obj
e:\dev\__repository__\_h3era_plugins_\emerald3\emerald\release\luckmorale.obj
e:\dev\__repository__\_h3era_plugins_\emerald3\emerald\release\external.obj
e:\dev\__repository__\_h3era_plugins_\emerald3\emerald\release\events.obj
e:\dev\__repository__\_h3era_plugins_\emerald3\emerald\release\emerald.obj
e:\dev\__repository__\_h3era_plugins_\emerald3\emerald\release\duplicate.obj
e:\dev\__repository__\_h3era_plugins_\emerald3\emerald\release\debugwindow.obj
e:\dev\__repository__\_h3era_plugins_\emerald3\emerald\release\config.obj
e:\dev\__repository__\_h3era_plugins_\emerald3\emerald\release\artifactcombos.obj
e:\dev\__repository__\_h3era_plugins_\emerald3\emerald\release\heroes.obj
e:\dev\__repository__\_h3era_plugins_\emerald3\emerald\release\dllmain.obj
e:\dev\__repository__\_h3era_plugins_\emerald3\release\emerald3_2.lib
e:\dev\__repository__\_h3era_plugins_\emerald3\release\emerald3_2.exp
e:\dev\__repository__\_h3era_plugins_\emerald3\release\emerald3_2.era
e:\dev\__repository__\_h3era_plugins_\emerald3\emerald\emerald3_2.map
e:\dev\__repository__\_h3era_plugins_\emerald3\release\emerald3_2.pdb
e:\dev\__repository__\_h3era_plugins_\emerald3\emerald\release\emerald.tlog\cl.command.1.tlog
e:\dev\__repository__\_h3era_plugins_\emerald3\emerald\release\emerald.tlog\cl.read.1.tlog
e:\dev\__repository__\_h3era_plugins_\emerald3\emerald\release\emerald.tlog\cl.write.1.tlog
e:\dev\__repository__\_h3era_plugins_\emerald3\emerald\release\emerald.tlog\emerald.write.1u.tlog
e:\dev\__repository__\_h3era_plugins_\emerald3\emerald\release\emerald.tlog\link.command.1.tlog
e:\dev\__repository__\_h3era_plugins_\emerald3\emerald\release\emerald.tlog\link.read.1.tlog
e:\dev\__repository__\_h3era_plugins_\emerald3\emerald\release\emerald.tlog\link.write.1.tlog
