f:\_majc89\dropbox\working code\heroes3.5\_plugins_\emerald3\emerald\release\vc140.pdb
f:\_majc89\dropbox\working code\heroes3.5\_plugins_\emerald3\emerald\release\resistance.obj
f:\_majc89\dropbox\working code\heroes3.5\_plugins_\emerald3\emerald\release\random.obj
f:\_majc89\dropbox\working code\heroes3.5\_plugins_\emerald3\emerald\release\properties.obj
f:\_majc89\dropbox\working code\heroes3.5\_plugins_\emerald3\emerald\release\luckmorale.obj
f:\_majc89\dropbox\working code\heroes3.5\_plugins_\emerald3\emerald\release\events.obj
f:\_majc89\dropbox\working code\heroes3.5\_plugins_\emerald3\emerald\release\emerald.obj
f:\_majc89\dropbox\working code\heroes3.5\_plugins_\emerald3\emerald\release\duplicate.obj
f:\_majc89\dropbox\working code\heroes3.5\_plugins_\emerald3\emerald\release\debugwindow.obj
f:\_majc89\dropbox\working code\heroes3.5\_plugins_\emerald3\emerald\release\config.obj
f:\_majc89\dropbox\working code\heroes3.5\_plugins_\emerald3\emerald\release\artifactcombos.obj
f:\_majc89\dropbox\working code\heroes3.5\_plugins_\emerald3\emerald\release\heroes.obj
f:\_majc89\dropbox\working code\heroes3.5\_plugins_\emerald3\emerald\release\dllmain.obj
f:\_majc89\dropbox\working code\heroes3.5\_plugins_\emerald3\release\emerald3.lib
f:\_majc89\dropbox\working code\heroes3.5\_plugins_\emerald3\release\emerald3.exp
f:\_majc89\dropbox\working code\heroes3.5\_plugins_\emerald3\release\emerald3.era
f:\_majc89\dropbox\working code\heroes3.5\_plugins_\emerald3\release\emerald3.pdb
f:\_majc89\dropbox\working code\heroes3.5\_plugins_\emerald3\emerald\release\emerald.tlog\cl.command.1.tlog
f:\_majc89\dropbox\working code\heroes3.5\_plugins_\emerald3\emerald\release\emerald.tlog\cl.read.1.tlog
f:\_majc89\dropbox\working code\heroes3.5\_plugins_\emerald3\emerald\release\emerald.tlog\cl.write.1.tlog
f:\_majc89\dropbox\working code\heroes3.5\_plugins_\emerald3\emerald\release\emerald.tlog\emerald.write.1u.tlog
f:\_majc89\dropbox\working code\heroes3.5\_plugins_\emerald3\emerald\release\emerald.tlog\link.command.1.tlog
f:\_majc89\dropbox\working code\heroes3.5\_plugins_\emerald3\emerald\release\emerald.tlog\link.read.1.tlog
f:\_majc89\dropbox\working code\heroes3.5\_plugins_\emerald3\emerald\release\emerald.tlog\link.write.1.tlog
